<?xml version="1.0" encoding="UTF-8"?>
<!-- Generated by org.testng.reporters.JUnitXMLReporter -->
<testsuite hostname="DESKTOP-BTQFDNR" ignored="5" name="Default test" tests="1" failures="0" timestamp="17 Nov 2023 10:23:37 GMT" time="65.293" errors="0">
  <testcase name="eduleyInstituteRegister" time="58.955" classname="com.dev.Eduley.EduleyAutomationInstituteRegister"/>
  <testcase name="eduleyIAPForgotPasswordVerification" time="0.0" classname="com.dev.Eduley.EduleyAutomationInstituteRegister">
    <ignored/>
  </testcase> <!-- eduleyIAPForgotPasswordVerification -->
  <testcase name="eduleySTP_ForgotPasswordVerification" time="0.0" classname="com.dev.Eduley.EduleyAutomationInstituteRegister">
    <ignored/>
  </testcase> <!-- eduleySTP_ForgotPasswordVerification -->
  <testcase name="eduleyIAPLoginVerification" time="0.0" classname="com.dev.Eduley.EduleyAutomationInstituteRegister">
    <ignored/>
  </testcase> <!-- eduleyIAPLoginVerification -->
  <testcase name="eduleySTP_SignupAndLoginVerification" time="0.0" classname="com.dev.Eduley.EduleyAutomationInstituteRegister">
    <ignored/>
  </testcase> <!-- eduleySTP_SignupAndLoginVerification -->
  <testcase name="eduleyIAPAddCourse" time="0.0" classname="com.dev.Eduley.EduleyAutomationInstituteRegister">
    <ignored/>
  </testcase> <!-- eduleyIAPAddCourse -->
</testsuite> <!-- Default test -->
