<?xml version="1.0" encoding="UTF-8"?>
<!-- Generated by org.testng.reporters.JUnitXMLReporter -->
<testsuite hostname="DESKTOP-BTQFDNR" ignored="0" name="Test" tests="6" failures="0" timestamp="17 Nov 2023 07:13:19 GMT" time="463.881" errors="0">
  <testcase name="eduleyInstituteRegister" time="46.362" classname="com.dev.Eduley.EduleyAutomationInstituteRegister"/>
  <testcase name="eduleyIAPForgotPasswordVerification" time="54.915" classname="com.dev.Eduley.EduleyAutomationInstituteRegister"/>
  <testcase name="eduleyIAPLoginVerification" time="68.208" classname="com.dev.Eduley.EduleyAutomationInstituteRegister"/>
  <testcase name="eduleySTP_SignupAndLoginVerification" time="35.763" classname="com.dev.Eduley.EduleyAutomationInstituteRegister"/>
  <testcase name="eduleySTP_ForgotPasswordVerification" time="72.485" classname="com.dev.Eduley.EduleyAutomationInstituteRegister"/>
  <testcase name="eduleyIAPAddCourse" time="148.991" classname="com.dev.Eduley.EduleyAutomationInstituteRegister"/>
</testsuite> <!-- Test -->
